obj/Debug/netstandard2.1/blazorhostedgrpc32.Client.dll
/Users/adam/.nuget/packages/microsoft.aspnetcore.blazor.httpclient/3.2.0-preview2.20160.5/lib/netstandard2.0/Microsoft.AspNetCore.Blazor.HttpClient.dll
/Users/adam/.nuget/packages/system.text.json/4.7.1/lib/netstandard2.0/System.Text.Json.dll
/Users/adam/.nuget/packages/microsoft.aspnetcore.components.webassembly.runtime/3.2.0-preview2.20159.2/build/netstandard1.0/../../tools/dotnetwasm/bcl/System.Runtime.CompilerServices.Unsafe.dll
/Users/adam/.nuget/packages/microsoft.aspnetcore.components.webassembly.runtime/3.2.0-preview2.20159.2/build/netstandard1.0/../../tools/dotnetwasm/bcl/mscorlib.dll
/Users/adam/.nuget/packages/microsoft.aspnetcore.components.webassembly.runtime/3.2.0-preview2.20159.2/build/netstandard1.0/../../tools/dotnetwasm/bcl/Facades/System.Buffers.dll
/Users/adam/.nuget/packages/microsoft.bcl.asyncinterfaces/1.1.0/lib/netstandard2.1/Microsoft.Bcl.AsyncInterfaces.dll
/Users/adam/.nuget/packages/microsoft.aspnetcore.components.webassembly.runtime/3.2.0-preview2.20159.2/build/netstandard1.0/../../tools/dotnetwasm/bcl/Facades/netstandard.dll
/Users/adam/.nuget/packages/microsoft.aspnetcore.components.webassembly.runtime/3.2.0-preview2.20159.2/build/netstandard1.0/../../tools/dotnetwasm/bcl/System.Xml.Linq.dll
/Users/adam/.nuget/packages/microsoft.aspnetcore.components.webassembly.runtime/3.2.0-preview2.20159.2/build/netstandard1.0/../../tools/dotnetwasm/bcl/System.Core.dll
/Users/adam/.nuget/packages/microsoft.aspnetcore.components.webassembly.runtime/3.2.0-preview2.20159.2/build/netstandard1.0/../../tools/dotnetwasm/bcl/System.dll
/Users/adam/.nuget/packages/microsoft.aspnetcore.components.webassembly.runtime/3.2.0-preview2.20159.2/build/netstandard1.0/../../tools/dotnetwasm/framework/WebAssembly.Net.WebSockets.dll
/Users/adam/.nuget/packages/microsoft.aspnetcore.components.webassembly.runtime/3.2.0-preview2.20159.2/build/netstandard1.0/../../tools/dotnetwasm/bcl/Facades/System.Memory.dll
/Users/adam/.nuget/packages/microsoft.aspnetcore.components.webassembly.runtime/3.2.0-preview2.20159.2/build/netstandard1.0/../../tools/dotnetwasm/framework/WebAssembly.Bindings.dll
/Users/adam/.nuget/packages/microsoft.aspnetcore.components.webassembly.runtime/3.2.0-preview2.20159.2/build/netstandard1.0/../../tools/dotnetwasm/bcl/System.Numerics.dll
/Users/adam/.nuget/packages/microsoft.aspnetcore.components.webassembly.runtime/3.2.0-preview2.20159.2/build/netstandard1.0/../../tools/dotnetwasm/bcl/System.Xml.dll
/Users/adam/.nuget/packages/microsoft.aspnetcore.components.webassembly.runtime/3.2.0-preview2.20159.2/build/netstandard1.0/../../tools/dotnetwasm/bcl/Mono.Security.dll
/Users/adam/.nuget/packages/microsoft.aspnetcore.components.webassembly.runtime/3.2.0-preview2.20159.2/build/netstandard1.0/../../tools/dotnetwasm/bcl/System.Transactions.dll
/Users/adam/.nuget/packages/microsoft.aspnetcore.components.webassembly.runtime/3.2.0-preview2.20159.2/build/netstandard1.0/../../tools/dotnetwasm/bcl/System.Runtime.Serialization.dll
/Users/adam/.nuget/packages/microsoft.aspnetcore.components.webassembly.runtime/3.2.0-preview2.20159.2/build/netstandard1.0/../../tools/dotnetwasm/bcl/System.ServiceModel.Internals.dll
/Users/adam/.nuget/packages/microsoft.aspnetcore.components.webassembly.runtime/3.2.0-preview2.20159.2/build/netstandard1.0/../../tools/dotnetwasm/bcl/System.Net.Http.dll
/Users/adam/.nuget/packages/microsoft.aspnetcore.components.webassembly.runtime/3.2.0-preview2.20159.2/build/netstandard1.0/../../tools/dotnetwasm/framework/WebAssembly.Net.Http.dll
/Users/adam/.nuget/packages/microsoft.aspnetcore.components.webassembly.runtime/3.2.0-preview2.20159.2/build/netstandard1.0/../../tools/dotnetwasm/bcl/System.ComponentModel.Composition.dll
/Users/adam/.nuget/packages/microsoft.aspnetcore.components.webassembly.runtime/3.2.0-preview2.20159.2/build/netstandard1.0/../../tools/dotnetwasm/bcl/System.IO.Compression.FileSystem.dll
/Users/adam/.nuget/packages/microsoft.aspnetcore.components.webassembly.runtime/3.2.0-preview2.20159.2/build/netstandard1.0/../../tools/dotnetwasm/bcl/System.IO.Compression.dll
/Users/adam/.nuget/packages/microsoft.aspnetcore.components.webassembly.runtime/3.2.0-preview2.20159.2/build/netstandard1.0/../../tools/dotnetwasm/bcl/Facades/System.Drawing.Common.dll
/Users/adam/.nuget/packages/microsoft.aspnetcore.components.webassembly.runtime/3.2.0-preview2.20159.2/build/netstandard1.0/../../tools/dotnetwasm/bcl/System.Data.DataSetExtensions.dll
/Users/adam/.nuget/packages/microsoft.aspnetcore.components.webassembly.runtime/3.2.0-preview2.20159.2/build/netstandard1.0/../../tools/dotnetwasm/bcl/System.Data.dll
/Users/adam/.nuget/packages/microsoft.aspnetcore.components.webassembly.runtime/3.2.0-preview2.20159.2/build/netstandard1.0/../../tools/dotnetwasm/bcl/Facades/System.Threading.Tasks.Extensions.dll
/Users/adam/.nuget/packages/microsoft.aspnetcore.components.webassembly.runtime/3.2.0-preview2.20159.2/build/netstandard1.0/../../tools/dotnetwasm/bcl/System.Numerics.Vectors.dll
/Users/adam/.nuget/packages/system.text.encodings.web/4.7.0/lib/netstandard2.1/System.Text.Encodings.Web.dll
/Users/adam/.nuget/packages/grpc.core.api/2.27.0/lib/netstandard2.0/Grpc.Core.Api.dll
/Users/adam/.nuget/packages/microsoft.extensions.dependencyinjection.abstractions/3.1.2/lib/netstandard2.0/Microsoft.Extensions.DependencyInjection.Abstractions.dll
/Users/adam/.nuget/packages/grpc.net.client.web/2.27.0-pre1/lib/netstandard2.1/Grpc.Net.Client.Web.dll
/Users/adam/.nuget/packages/microsoft.aspnetcore.components.web/3.1.2/lib/netstandard2.0/Microsoft.AspNetCore.Components.Web.dll
/Users/adam/.nuget/packages/microsoft.aspnetcore.components.forms/3.1.2/lib/netstandard2.0/Microsoft.AspNetCore.Components.Forms.dll
/Users/adam/.nuget/packages/microsoft.aspnetcore.components.webassembly.runtime/3.2.0-preview2.20159.2/build/netstandard1.0/../../tools/dotnetwasm/bcl/Facades/System.ComponentModel.Annotations.dll
/Users/adam/.nuget/packages/microsoft.aspnetcore.components.webassembly.runtime/3.2.0-preview2.20159.2/build/netstandard1.0/../../tools/dotnetwasm/bcl/System.ComponentModel.DataAnnotations.dll
/Users/adam/.nuget/packages/microsoft.aspnetcore.components/3.1.2/lib/netstandard2.0/Microsoft.AspNetCore.Components.dll
/Users/adam/.nuget/packages/microsoft.extensions.logging.abstractions/3.1.2/lib/netstandard2.0/Microsoft.Extensions.Logging.Abstractions.dll
/Users/adam/.nuget/packages/microsoft.aspnetcore.components.webassembly/3.2.0-preview2.20160.5/lib/netstandard2.1/Microsoft.AspNetCore.Components.WebAssembly.dll
/Users/adam/.nuget/packages/microsoft.extensions.dependencyinjection/3.1.2/lib/netstandard2.1/Microsoft.Extensions.DependencyInjection.dll
/Users/adam/.nuget/packages/microsoft.extensions.configuration/3.1.2/lib/netstandard2.0/Microsoft.Extensions.Configuration.dll
/Users/adam/.nuget/packages/microsoft.extensions.primitives/3.1.2/lib/netstandard2.0/Microsoft.Extensions.Primitives.dll
/Users/adam/.nuget/packages/microsoft.extensions.configuration.abstractions/3.1.2/lib/netstandard2.0/Microsoft.Extensions.Configuration.Abstractions.dll
/Users/adam/.nuget/packages/microsoft.jsinterop/3.1.2/lib/netstandard2.0/Microsoft.JSInterop.dll
/Users/adam/.nuget/packages/microsoft.jsinterop.webassembly/3.2.0-preview2.20160.5/lib/netstandard2.1/Microsoft.JSInterop.WebAssembly.dll
/Users/adam/.nuget/packages/grpc.net.client/2.27.0/lib/netstandard2.1/Grpc.Net.Client.dll
/Users/adam/.nuget/packages/system.diagnostics.diagnosticsource/4.5.1/lib/netstandard1.3/System.Diagnostics.DiagnosticSource.dll
/Users/adam/.nuget/packages/microsoft.aspnetcore.components.webassembly.runtime/3.2.0-preview2.20159.2/build/netstandard1.0/../../tools/dotnetwasm/bcl/Facades/System.Runtime.Extensions.dll
/Users/adam/.nuget/packages/microsoft.aspnetcore.components.webassembly.runtime/3.2.0-preview2.20159.2/build/netstandard1.0/../../tools/dotnetwasm/bcl/Facades/System.Diagnostics.Debug.dll
/Users/adam/.nuget/packages/microsoft.aspnetcore.components.webassembly.runtime/3.2.0-preview2.20159.2/build/netstandard1.0/../../tools/dotnetwasm/bcl/Facades/System.Threading.dll
/Users/adam/.nuget/packages/microsoft.aspnetcore.components.webassembly.runtime/3.2.0-preview2.20159.2/build/netstandard1.0/../../tools/dotnetwasm/bcl/Facades/System.Collections.dll
/Users/adam/.nuget/packages/microsoft.aspnetcore.components.webassembly.runtime/3.2.0-preview2.20159.2/build/netstandard1.0/../../tools/dotnetwasm/bcl/Facades/System.Reflection.dll
/Users/adam/.nuget/packages/microsoft.aspnetcore.components.webassembly.runtime/3.2.0-preview2.20159.2/build/netstandard1.0/../../tools/dotnetwasm/bcl/Facades/System.Diagnostics.Tracing.dll
/Users/adam/.nuget/packages/microsoft.aspnetcore.components.webassembly.runtime/3.2.0-preview2.20159.2/build/netstandard1.0/../../tools/dotnetwasm/bcl/Facades/System.Runtime.dll
/Users/adam/.nuget/packages/grpc.net.common/2.27.0/lib/netstandard2.1/Grpc.Net.Common.dll
/Users/adam/Repos/blazorhostedgrpc32/Shared/bin/Debug/netstandard2.1/blazorhostedgrpc32.Shared.dll
/Users/adam/.nuget/packages/google.protobuf/3.11.4/lib/netstandard2.0/Google.Protobuf.dll
obj/Debug/netstandard2.1/blazorhostedgrpc32.Client.pdb
/Users/adam/.nuget/packages/grpc.core.api/2.27.0/lib/netstandard2.0/Grpc.Core.Api.pdb
/Users/adam/.nuget/packages/grpc.net.client.web/2.27.0-pre1/lib/netstandard2.1/Grpc.Net.Client.Web.pdb
/Users/adam/.nuget/packages/grpc.net.client/2.27.0/lib/netstandard2.1/Grpc.Net.Client.pdb
/Users/adam/.nuget/packages/grpc.net.common/2.27.0/lib/netstandard2.1/Grpc.Net.Common.pdb
/Users/adam/Repos/blazorhostedgrpc32/Shared/bin/Debug/netstandard2.1/blazorhostedgrpc32.Shared.pdb
/Users/adam/.nuget/packages/google.protobuf/3.11.4/lib/netstandard2.0/Google.Protobuf.pdb
